<?xml version="1.0" encoding="UTF-8"?>
<!-- Generated by org.testng.reporters.JUnitReportReporter -->
<testsuite skipped="0" hostname="DESKTOP-J15O7LM" name="testCases.TC_002_Login" tests="1" failures="0" timestamp="2021-03-27T01:14:17 GMT" time="6.074" errors="0">
  <testcase name="test_Login" time="6.074" classname="testCases.TC_002_Login"/>
  <system-out/>
</testsuite> <!-- testCases.TC_002_Login -->
