<?xml version="1.0" encoding="UTF-8"?>
<!-- Generated by org.testng.reporters.JUnitReportReporter -->
<testsuite skipped="1" hostname="DESKTOP-J15O7LM" name="testCases.TC_003_LoginDDT" tests="1" failures="0" timestamp="2021-03-25T04:15:28 GMT" time="0.000" errors="0">
  <testcase name="test_LoginDDT" time="0.000" classname="testCases.TC_003_LoginDDT">
    <skipped/>
  </testcase> <!-- test_LoginDDT -->
  <system-out/>
</testsuite> <!-- testCases.TC_003_LoginDDT -->
