<?xml version="1.0" encoding="UTF-8"?>
<!-- Generated by org.testng.reporters.JUnitReportReporter -->
<testsuite skipped="0" hostname="DESKTOP-J15O7LM" name="testCases.TC_001_AccountRegistration" tests="1" failures="0" timestamp="2021-03-27T01:15:18 GMT" time="7.168" errors="0">
  <testcase name="test_account_Registration" time="7.168" classname="testCases.TC_001_AccountRegistration"/>
  <system-out/>
</testsuite> <!-- testCases.TC_001_AccountRegistration -->
